Script started on Mon 05 Feb 2018 05:18:59 PM EST
osh>l
total 296
drwxrwxr-x 2 greg greg   4096 Feb  5 17:18 .
drwxr-xr-x 7 greg greg   4096 Feb  4 15:08 ..
-rw-rw-r-- 1 greg greg     94 Feb  5 16:33 .cs543rc
-rw-rw-r-- 1 greg greg      0 Feb  5 16:19 README.txt
-rw-rw-r-- 1 greg greg   1777 Feb  4 03:45 SampleRun_Alias.log
-rw-rw-r-- 1 greg greg  29762 Feb  3 21:17 SampleRun_Alias.png
-rw-rw-r-- 1 greg greg      0 Feb  5 17:18 SampleRun_rcfile.log
-rw-rw-r-- 1 greg greg   1182 Feb  4 15:54 SampleRun_SetPath.log
-rw-rw-r-- 1 greg greg  50147 Feb  3 23:57 SampleRun_SetPath.png
-rw-rw-r-- 1 greg greg   1350 Feb  4 03:39 SampleRun_ShellandHistory.log
-rw-rw-r-- 1 greg greg 108596 Feb  3 21:13 SampleRun_Shell_and_History.png
-rw-rw-r-- 1 greg greg   1226 Feb  4 15:53 SampleRun_Verbose.log
-rwxrwxr-x 1 greg greg  18456 Feb  5 16:50 shell
-rw-rw-r-- 1 greg greg  12681 Feb  5 16:10 shell2.c
-rw-rw-r-- 1 greg greg  13103 Feb  5 16:50 shell.c
-rw-rw-r-- 1 greg greg  10383 Feb  4 03:33 shell_old2.c
-rw-rw-r-- 1 greg greg   9311 Feb  3 23:36 shell_old.c
osh>where
/home/greg/Desktop/Asgn2
osh>my_path
.:/bin:/usr/bin:
osh>^C
Script done on Mon 05 Feb 2018 05:19:13 PM EST
