Script started on Sun 04 Feb 2018 03:53:49 PM EST
osh>ls
SampleRun_Alias.log    SampleRun_ShellandHistory.log	shell.c
SampleRun_Alias.png    SampleRun_Shell_and_History.png	shell_old2.c
SampleRun_SetPath.log  SampleRun_Verbose.log		shell_old.c
SampleRun_SetPath.png  shell
osh>set path = (. /bin /usr/bin)
osh>ls
SampleRun_Alias.log    SampleRun_ShellandHistory.log	shell.c
SampleRun_Alias.png    SampleRun_Shell_and_History.png	shell_old2.c
SampleRun_SetPath.log  SampleRun_Verbose.log		shell_old.c
SampleRun_SetPath.png  shell
osh>set path = (/fake_path1 /fake_path2 . /bin /usr/bin)
osh>ls
SampleRun_Alias.log    SampleRun_ShellandHistory.log	shell.c
SampleRun_Alias.png    SampleRun_Shell_and_History.png	shell_old2.c
SampleRun_SetPath.log  SampleRun_Verbose.log		shell_old.c
SampleRun_SetPath.png  shell
osh>set path = (/fake_path1 /fake_path2)
osh>ls
No Command Found.
osh>/bin/ls
SampleRun_Alias.log    SampleRun_ShellandHistory.log	shell.c
SampleRun_Alias.png    SampleRun_Shell_and_History.png	shell_old2.c
SampleRun_SetPath.log  SampleRun_Verbose.log		shell_old.c
SampleRun_SetPath.png  shell
osh>^C
Script done on Sun 04 Feb 2018 03:54:57 PM EST
